Info: Nothing to build for 000TestProject
19:26:06 **** Rebuild of configuration Debug for project var_addr ****
Info: Internal Builder is used for build
gcc -O0 -g3 -Wall -c -fmessage-length=0 -o main.o "..\\main.c" 
gcc -o var_addr.exe main.o 
Info: Nothing to build for var_addr
19:30:34 **** Incremental Build of configuration Debug for project var_addr ****
Info: Internal Builder is used for build
gcc -O0 -g3 -Wall -c -fmessage-length=0 -o main.o "..\\main.c" 
..\main.c: In function 'main':
..\main.c:17:12: warning: multi-character character constant [-Wmultichar]
  char a7 = ') ';
            ^~~~
..\main.c:17:12: warning: overflow in implicit constant conversion [-Woverflow]
gcc -o var_addr.exe main.o 
19:30:43 **** Incremental Build of configuration Debug for project var_addr ****
Info: Internal Builder is used for build
gcc -O0 -g3 -Wall -c -fmessage-length=0 -o main.o "..\\main.c" 
gcc -o var_addr.exe main.o 
Info: Nothing to build for var_addr
19:33:09 **** Incremental Build of configuration Debug for project var_addr ****
Info: Internal Builder is used for build
gcc -O0 -g3 -Wall -c -fmessage-length=0 -o main.o "..\\main.c" 
..\main.c: In function 'main':
..\main.c:19:34: warning: initialization makes integer from pointer without a cast [-Wint-conversion]
  unsigned long int addressOfA1 = &a1;
                                  ^
..\main.c:19:20: warning: unused variable 'addressOfA1' [-Wunused-variable]
  unsigned long int addressOfA1 = &a1;
                    ^~~~~~~~~~~
gcc -o var_addr.exe main.o 
Info: Nothing to build for var_addr
Info: Nothing to build for var_addr
19:37:11 **** Incremental Build of configuration Debug for project var_addr ****
Info: Internal Builder is used for build
gcc -O0 -g3 -Wall -c -fmessage-length=0 -o main.o "..\\main.c" 
..\main.c: In function 'main':
..\main.c:19:34: warning: initialization makes integer from pointer without a cast [-Wint-conversion]
  unsigned long int addressOfA1 = (unsigned long int*)&a1;
                                  ^
..\main.c:19:20: warning: unused variable 'addressOfA1' [-Wunused-variable]
  unsigned long int addressOfA1 = (unsigned long int*)&a1;
                    ^~~~~~~~~~~
gcc -o var_addr.exe main.o 
19:37:59 **** Incremental Build of configuration Debug for project var_addr ****
Info: Internal Builder is used for build
gcc -O0 -g3 -Wall -c -fmessage-length=0 -o main.o "..\\main.c" 
..\main.c: In function 'main':
..\main.c:19:20: warning: unused variable 'addressOfA1' [-Wunused-variable]
  unsigned long int addressOfA1 = (unsigned long int)&a1;
                    ^~~~~~~~~~~
gcc -o var_addr.exe main.o 
Info: Nothing to build for var_addr
19:39:28 **** Incremental Build of configuration Debug for project var_addr ****
Info: Internal Builder is used for build
gcc -O0 -g3 -Wall -c -fmessage-length=0 -o main.o "..\\main.c" 
..\main.c: In function 'main':
..\main.c:21:45: warning: format '%lu' expects argument of type 'long unsigned int', but argument 2 has type 'char *' [-Wformat=]
  printf("Address of the variable a1  is:- %lu\n", &a1);
                                             ^
..\main.c:19:20: warning: unused variable 'addressOfA1' [-Wunused-variable]
  unsigned long int addressOfA1 = (unsigned long int)&a1;
                    ^~~~~~~~~~~
gcc -o var_addr.exe main.o 
19:40:09 **** Incremental Build of configuration Debug for project var_addr ****
Info: Internal Builder is used for build
gcc -O0 -g3 -Wall -c -fmessage-length=0 -o main.o "..\\main.c" 
..\main.c: In function 'main':
..\main.c:19:34: warning: cast from pointer to integer of different size [-Wpointer-to-int-cast]
  unsigned long int addressOfA1 = (unsigned long long int)&a1;
                                  ^
..\main.c:21:45: warning: unknown conversion type character 'l' in format [-Wformat=]
  printf("Address of the variable a1  is:- %llu\n", &a1);
                                             ^
..\main.c:21:9: warning: too many arguments for format [-Wformat-extra-args]
  printf("Address of the variable a1  is:- %llu\n", &a1);
         ^~~~~~~~~~~~~~~~~~~~~~~~~~~~~~~~~~~~~~~~~
..\main.c:19:20: warning: unused variable 'addressOfA1' [-Wunused-variable]
  unsigned long int addressOfA1 = (unsigned long long int)&a1;
                    ^~~~~~~~~~~
gcc -o var_addr.exe main.o 
19:40:21 **** Incremental Build of configuration Debug for project var_addr ****
Info: Internal Builder is used for build
gcc -O0 -g3 -Wall -c -fmessage-length=0 -o main.o "..\\main.c" 
..\main.c: In function 'main':
..\main.c:19:34: warning: cast from pointer to integer of different size [-Wpointer-to-int-cast]
  unsigned long int addressOfA1 = (unsigned long long int)&a1;
                                  ^
..\main.c:21:47: warning: unknown conversion type character 'U' in format [-Wformat=]
  printf("Address of the variable a1  is:- %I64Uu\n", &a1);
                                               ^
..\main.c:21:9: warning: too many arguments for format [-Wformat-extra-args]
  printf("Address of the variable a1  is:- %I64Uu\n", &a1);
         ^~~~~~~~~~~~~~~~~~~~~~~~~~~~~~~~~~~~~~~~~~~
..\main.c:19:20: warning: unused variable 'addressOfA1' [-Wunused-variable]
  unsigned long int addressOfA1 = (unsigned long long int)&a1;
                    ^~~~~~~~~~~
gcc -o var_addr.exe main.o 
19:40:26 **** Incremental Build of configuration Debug for project var_addr ****
Info: Internal Builder is used for build
gcc -O0 -g3 -Wall -c -fmessage-length=0 -o main.o "..\\main.c" 
..\main.c: In function 'main':
..\main.c:19:39: warning: cast from pointer to integer of different size [-Wpointer-to-int-cast]
  unsigned long long int addressOfA1 = (unsigned long long int)&a1;
                                       ^
..\main.c:21:47: warning: unknown conversion type character 'U' in format [-Wformat=]
  printf("Address of the variable a1  is:- %I64Uu\n", &a1);
                                               ^
..\main.c:21:9: warning: too many arguments for format [-Wformat-extra-args]
  printf("Address of the variable a1  is:- %I64Uu\n", &a1);
         ^~~~~~~~~~~~~~~~~~~~~~~~~~~~~~~~~~~~~~~~~~~
..\main.c:19:25: warning: unused variable 'addressOfA1' [-Wunused-variable]
  unsigned long long int addressOfA1 = (unsigned long long int)&a1;
                         ^~~~~~~~~~~
gcc -o var_addr.exe main.o 
Info: Nothing to build for var_addr
19:40:39 **** Incremental Build of configuration Debug for project var_addr ****
Info: Internal Builder is used for build
gcc -O0 -g3 -Wall -c -fmessage-length=0 -o main.o "..\\main.c" 
..\main.c: In function 'main':
..\main.c:19:39: warning: cast from pointer to integer of different size [-Wpointer-to-int-cast]
  unsigned long long int addressOfA1 = (unsigned long long int)&a1;
                                       ^
..\main.c:21:47: warning: unknown conversion type character 'U' in format [-Wformat=]
  printf("Address of the variable a1  is:- %I64U\n", &a1);
                                               ^
..\main.c:21:9: warning: too many arguments for format [-Wformat-extra-args]
  printf("Address of the variable a1  is:- %I64U\n", &a1);
         ^~~~~~~~~~~~~~~~~~~~~~~~~~~~~~~~~~~~~~~~~~
..\main.c:19:25: warning: unused variable 'addressOfA1' [-Wunused-variable]
  unsigned long long int addressOfA1 = (unsigned long long int)&a1;
                         ^~~~~~~~~~~
gcc -o var_addr.exe main.o 
Info: Nothing to build for var_addr
19:40:58 **** Incremental Build of configuration Debug for project var_addr ****
Info: Internal Builder is used for build
gcc -O0 -g3 -Wall -c -fmessage-length=0 -o main.o "..\\main.c" 
..\main.c: In function 'main':
..\main.c:19:39: warning: cast from pointer to integer of different size [-Wpointer-to-int-cast]
  unsigned long long int addressOfA1 = (unsigned long long int)&a1;
                                       ^
..\main.c:21:47: warning: unknown conversion type character 'U' in format [-Wformat=]
  printf("Address of the variable a1  is:- %I64U\n", addressOfA1);
                                               ^
..\main.c:21:9: warning: too many arguments for format [-Wformat-extra-args]
  printf("Address of the variable a1  is:- %I64U\n", addressOfA1);
         ^~~~~~~~~~~~~~~~~~~~~~~~~~~~~~~~~~~~~~~~~~
gcc -o var_addr.exe main.o 
19:41:14 **** Incremental Build of configuration Debug for project var_addr ****
Info: Internal Builder is used for build
gcc -O0 -g3 -Wall -c -fmessage-length=0 -o main.o "..\\main.c" 
..\main.c: In function 'main':
..\main.c:19:39: warning: cast from pointer to integer of different size [-Wpointer-to-int-cast]
  unsigned long long int addressOfA1 = (unsigned long long int)&a1;
                                       ^
gcc -o var_addr.exe main.o 
Info: Nothing to build for var_addr
